<?xml version="1.0" encoding="UTF-8"?>
<!-- Generated by org.testng.reporters.JUnitReportReporter -->
<testsuite hostname="DESKTOP-HI5SB2Q" failures="0" tests="1" name="tutorialsninja.rahulShetty" time="6.310" errors="0" timestamp="2025-03-20T19:22:42 IST" skipped="0">
  <testcase classname="tutorialsninja.rahulShetty" name="form" time="6.310"/>
  <system-out/>
</testsuite> <!-- tutorialsninja.rahulShetty -->
