<?xml version="1.0" encoding="UTF-8"?>
<!-- Generated by org.testng.reporters.JUnitReportReporter -->
<testsuite hostname="DESKTOP-HI5SB2Q" failures="0" tests="3" name="Alert.AlertOKCancelText" time="39.436" errors="0" timestamp="2025-03-23T23:08:40 IST" skipped="0">
  <testcase classname="Alert.AlertOKCancelText" name="ALertWithOK" time="12.060"/>
  <system-out/>
  <testcase classname="Alert.AlertOKCancelText" name="AlertWithCancelOK" time="13.586"/>
  <system-out/>
  <testcase classname="Alert.AlertOKCancelText" name="AlertWithPromtK" time="13.790"/>
  <system-out/>
</testsuite> <!-- Alert.AlertOKCancelText -->
