<?xml version="1.0" encoding="UTF-8"?>
<!-- Generated by org.testng.reporters.JUnitReportReporter -->
<testsuite hostname="DESKTOP-HI5SB2Q" failures="0" tests="2" name="Formheroku.BrowserStack" time="9.705" errors="0" timestamp="2025-03-24T22:46:32 IST" skipped="1">
  <testcase classname="Formheroku.BrowserStack" name="addTOcart" time="9.705"/>
  <system-out/>
  <testcase classname="Formheroku.BrowserStack" name="login">
    <skipped/>
  </testcase> <!-- login -->
  <system-out/>
</testsuite> <!-- Formheroku.BrowserStack -->
