<?xml version="1.0" encoding="UTF-8"?>
<!-- Generated by org.testng.reporters.JUnitReportReporter -->
<testsuite hostname="DESKTOP-HI5SB2Q" failures="0" tests="1" name="tutorialsninja.TutorialNinja" time="4.548" errors="0" timestamp="2025-03-29T13:42:23 IST" skipped="0">
  <testcase classname="tutorialsninja.TutorialNinja" name="checkout" time="4.548"/>
  <system-out/>
</testsuite> <!-- tutorialsninja.TutorialNinja -->
